<?xml version="1.0" encoding="UTF-8"?>
<!-- Generated by org.testng.reporters.JUnitReportReporter -->
<testsuite skipped="2" hostname="Aravind" name="jioMart_TestCases.HomepageTest" tests="3" failures="0" timestamp="01 Jun 2025 13:34:00 GMT" time="0.859" errors="0">
  <testcase name="VerifyTitleTest" time="0.859" classname="jioMart_TestCases.HomepageTest"/>
  <testcase name="Validatesearchwithhashmap" classname="jioMart_TestCases.HomepageTest">
    <skipped/>
  </testcase> <!-- Validatesearchwithhashmap -->
  <testcase name="ClickonCart" classname="jioMart_TestCases.HomepageTest">
    <skipped/>
  </testcase> <!-- ClickonCart -->
</testsuite> <!-- jioMart_TestCases.HomepageTest -->
