<?xml version="1.0" encoding="UTF-8"?>
<!-- Generated by org.testng.reporters.JUnitReportReporter -->
<testsuite skipped="0" hostname="Aravind" name="my_own_created_htmlpages_Test.LoginPageTest" tests="7" failures="0" timestamp="03 Jun 2025 14:34:57 GMT" time="47.860" errors="0">
  <testcase name="TestpageTitle" time="4.114" classname="my_own_created_htmlpages_Test.LoginPageTest"/>
  <testcase name="testValidLogin" time="15.587" classname="my_own_created_htmlpages_Test.LoginPageTest"/>
  <testcase name="testInvalidLogin" time="4.802" classname="my_own_created_htmlpages_Test.LoginPageTest"/>
  <testcase name="testBlankUsername" time="6.620" classname="my_own_created_htmlpages_Test.LoginPageTest"/>
  <testcase name="testBlankPassword" time="5.008" classname="my_own_created_htmlpages_Test.LoginPageTest"/>
  <testcase name="testBlankUsernameAndPassword" time="6.868" classname="my_own_created_htmlpages_Test.LoginPageTest"/>
  <testcase name="testErrorMessageDisplay" time="4.861" classname="my_own_created_htmlpages_Test.LoginPageTest"/>
</testsuite> <!-- my_own_created_htmlpages_Test.LoginPageTest -->
