<?xml version="1.0" encoding="UTF-8"?>
<!-- Generated by org.testng.reporters.JUnitReportReporter -->
<testsuite skipped="0" hostname="Aravind" name="TestCases.HomepageTest" tests="2" failures="0" timestamp="13 May 2025 14:44:27 GMT" time="7.292" errors="0">
  <testcase name="VerifyTitleTest" time="0.095" classname="TestCases.HomepageTest"/>
  <testcase name="ClickonCart" time="7.197" classname="TestCases.HomepageTest"/>
</testsuite> <!-- TestCases.HomepageTest -->
