<?xml version="1.0" encoding="UTF-8"?>
<!-- Generated by org.testng.reporters.JUnitReportReporter -->
<testsuite skipped="0" hostname="Aravind" name="TestCases.HomepageTest" tests="2" failures="0" timestamp="13 May 2025 17:48:05 GMT" time="4.031" errors="0">
  <testcase name="VerifyTitleTest" time="0.182" classname="TestCases.HomepageTest"/>
  <testcase name="ClickonCart" time="3.849" classname="TestCases.HomepageTest"/>
</testsuite> <!-- TestCases.HomepageTest -->
