<?xml version="1.0" encoding="UTF-8"?>
<!-- Generated by org.testng.reporters.JUnitReportReporter -->
<testsuite skipped="0" hostname="Aravind" name="TestCases.AddFruitstocart" tests="2" failures="0" timestamp="26 May 2025 12:07:25 GMT" time="9.636" errors="0">
  <testcase name="Clickonfruits" time="2.920" classname="TestCases.AddFruitstocart"/>
  <testcase name="addfruitsandclickoncart" time="6.716" classname="TestCases.AddFruitstocart"/>
</testsuite> <!-- TestCases.AddFruitstocart -->
